GowinSynthesis start
Running parser ...
Analyzing VHDL file '/storage/programming/gw68000/boards/tec0117/sdramcapture/src/SDRAM_controller/SDRAM_controller.vhd'
Analyzing entity '\~control_fsm.SDRAM_controller\'("/storage/programming/gw68000/boards/tec0117/sdramcapture/src/SDRAM_controller/SDRAM_controller.vhd":2905)
Analyzing architecture 'beh'("/storage/programming/gw68000/boards/tec0117/sdramcapture/src/SDRAM_controller/SDRAM_controller.vhd":2905)
Analyzing entity '\~user_interface.SDRAM_controller\'("/storage/programming/gw68000/boards/tec0117/sdramcapture/src/SDRAM_controller/SDRAM_controller.vhd":2905)
Analyzing architecture 'beh'("/storage/programming/gw68000/boards/tec0117/sdramcapture/src/SDRAM_controller/SDRAM_controller.vhd":2905)
Analyzing entity '\~autorefresh.SDRAM_controller\'("/storage/programming/gw68000/boards/tec0117/sdramcapture/src/SDRAM_controller/SDRAM_controller.vhd":2905)
Analyzing architecture 'beh'("/storage/programming/gw68000/boards/tec0117/sdramcapture/src/SDRAM_controller/SDRAM_controller.vhd":2905)
Analyzing entity '\~top.SDRAM_controller\'("/storage/programming/gw68000/boards/tec0117/sdramcapture/src/SDRAM_controller/SDRAM_controller.vhd":2905)
Analyzing architecture 'beh'("/storage/programming/gw68000/boards/tec0117/sdramcapture/src/SDRAM_controller/SDRAM_controller.vhd":2905)
Analyzing entity 'sdram_controller'("/storage/programming/gw68000/boards/tec0117/sdramcapture/src/SDRAM_controller/SDRAM_controller.vhd":2912)
Analyzing architecture 'beh'("/storage/programming/gw68000/boards/tec0117/sdramcapture/src/SDRAM_controller/SDRAM_controller.vhd":2942)
Analyzing VHDL file '/storage/programming/gw68000/boards/tec0117/sdramcapture/src/tec0117_top.vhd.vhd'
Analyzing entity 'tec0117_top'("/storage/programming/gw68000/boards/tec0117/sdramcapture/src/tec0117_top.vhd.vhd":11)
Analyzing architecture 'rtl'("/storage/programming/gw68000/boards/tec0117/sdramcapture/src/tec0117_top.vhd.vhd":36)
WARN  (EX4557) : Actual for formal port 'i_sdram_clk' is neither a static name nor a globally static expression("/storage/programming/gw68000/boards/tec0117/sdramcapture/src/tec0117_top.vhd.vhd":80)
Analyzing VHDL file '/storage/programming/gw68000/vhdl/baudgen.vhd'
Analyzing entity 'baudgen'("/storage/programming/gw68000/vhdl/baudgen.vhd":8)
Analyzing architecture 'rtl'("/storage/programming/gw68000/vhdl/baudgen.vhd":22)
Analyzing VHDL file '/storage/programming/gw68000/vhdl/tx_uart.vhd'
Analyzing entity 'tx_uart'("/storage/programming/gw68000/vhdl/tx_uart.vhd":9)
Analyzing architecture 'rtl'("/storage/programming/gw68000/vhdl/tx_uart.vhd":22)
Processing 'tec0117_top(rtl)'("/storage/programming/gw68000/boards/tec0117/sdramcapture/src/tec0117_top.vhd.vhd":11)
Processing 'SDRAM_controller(beh)'("/storage/programming/gw68000/boards/tec0117/sdramcapture/src/SDRAM_controller/SDRAM_controller.vhd":2912)
Processing '**(**)'("/storage/programming/gw68000/boards/tec0117/sdramcapture/src/SDRAM_controller/SDRAM_controller.vhd":2905)
NOTE  (EX0101) : Current top module is "tec0117_top"
[5%] Running netlist conversion ...
WARN  (CV0016) : Input serial_in is unused("/storage/programming/gw68000/boards/tec0117/sdramcapture/src/tec0117_top.vhd.vhd":19)
WARN  (CV0016) : Input serial_cts_n is unused("/storage/programming/gw68000/boards/tec0117/sdramcapture/src/tec0117_top.vhd.vhd":20)
Running device independent optimization ...
[10%] Optimizing Phase 0 completed
[15%] Optimizing Phase 1 completed
[25%] Optimizing Phase 2 completed
Running inference ...
[30%] Inferring Phase 0 completed
[40%] Inferring Phase 1 completed
[50%] Inferring Phase 2 completed
[55%] Inferring Phase 3 completed
Running technical mapping ...
[60%] Tech-Mapping Phase 0 completed
[65%] Tech-Mapping Phase 1 completed
[75%] Tech-Mapping Phase 2 completed
[80%] Tech-Mapping Phase 3 completed
[90%] Tech-Mapping Phase 4 completed
[95%] Generate netlist file "/storage/programming/gw68000/boards/tec0117/sdramcapture/impl/gwsynthesis/sdramcapture.vg" completed
[100%] Generate report file "/storage/programming/gw68000/boards/tec0117/sdramcapture/impl/gwsynthesis/sdramcapture_syn.rpt.html" completed
GowinSynthesis finish
