Reading netlist file: "/storage/programming/gw68000/boards/tec0117/sdramcapture/impl/gwsynthesis/sdramcapture.vg"
Parsing netlist file "/storage/programming/gw68000/boards/tec0117/sdramcapture/impl/gwsynthesis/sdramcapture.vg" completed
Processing netlist completed
Reading constraint file: "/storage/programming/gw68000/boards/tec0117/sdramcapture/src/sdramcapture.cst"
Physical Constraint parsed completed
Running placement......
[10%] Placement Phase 0 completed
[20%] Placement Phase 1 completed
[30%] Placement Phase 2 completed
[50%] Placement Phase 3 completed
Running routing......
[60%] Routing Phase 0 completed
[70%] Routing Phase 1 completed
[80%] Routing Phase 2 completed
[90%] Routing Phase 3 completed
Running timing analysis......
[95%] Timing analysis completed
Placement and routing completed
Bitstream generation in progress......
Bitstream generation completed
Running power analysis......
[100%] Power analysis completed
Generate file "/storage/programming/gw68000/boards/tec0117/sdramcapture/impl/pnr/sdramcapture.power.html" completed
Generate file "/storage/programming/gw68000/boards/tec0117/sdramcapture/impl/pnr/sdramcapture.pin.html" completed
Generate file "/storage/programming/gw68000/boards/tec0117/sdramcapture/impl/pnr/sdramcapture.rpt.html" completed
Generate file "/storage/programming/gw68000/boards/tec0117/sdramcapture/impl/pnr/sdramcapture.rpt.txt" completed
Generate file "/storage/programming/gw68000/boards/tec0117/sdramcapture/impl/pnr/sdramcapture.tr.html" completed
Wed Oct 23 00:37:55 2024

